2025-08-12 10:30:29,405 - ERROR - Необработанное исключение: AttributeError: 'QTableView' object has no attribute 'clear'
2025-08-12 10:30:29,406 - ERROR - Трассировка стека:
Traceback (most recent call last):
  File "c:\Users\Alex\Competitions_TT_v1.2\main.py", line 3712, in tool_page
    page()
    ~~~~^^
  File "c:\Users\Alex\Competitions_TT_v1.2\main.py", line 3774, in page
    fill_table(player_list)  # заполняет TableWidget списком игроков
    ~~~~~~~~~~^^^^^^^^^^^^^
  File "c:\Users\Alex\Competitions_TT_v1.2\main.py", line 2643, in fill_table
    my_win.tableView.clear()
    ^^^^^^^^^^^^^^^^^^^^^^
AttributeError: 'QTableView' object has no attribute 'clear'
2025-08-12 10:30:34,706 - ERROR - Необработанное исключение: AttributeError: 'QTableView' object has no attribute 'clear'
2025-08-12 10:30:34,743 - ERROR - Трассировка стека:
Traceback (most recent call last):
  File "c:\Users\Alex\Competitions_TT_v1.2\main.py", line 7608, in filter_fin
    fill_table(player_list)
    ~~~~~~~~~~^^^^^^^^^^^^^
  File "c:\Users\Alex\Competitions_TT_v1.2\main.py", line 2643, in fill_table
    my_win.tableView.clear()
    ^^^^^^^^^^^^^^^^^^^^^^
AttributeError: 'QTableView' object has no attribute 'clear'
2025-08-12 10:30:34,888 - ERROR - Необработанное исключение: AttributeError: 'QTableView' object has no attribute 'clear'
2025-08-12 10:30:34,949 - ERROR - Трассировка стека:
Traceback (most recent call last):
  File "c:\Users\Alex\Competitions_TT_v1.2\main.py", line 10559, in choice_filter_on_system
    fill_table(player_list)
    ~~~~~~~~~~^^^^^^^^^^^^^
  File "c:\Users\Alex\Competitions_TT_v1.2\main.py", line 2643, in fill_table
    my_win.tableView.clear()
    ^^^^^^^^^^^^^^^^^^^^^^
AttributeError: 'QTableView' object has no attribute 'clear'
2025-08-12 10:30:35,070 - ERROR - Необработанное исключение: AttributeError: 'QTableView' object has no attribute 'clear'
2025-08-12 10:30:35,071 - ERROR - Трассировка стека:
Traceback (most recent call last):
  File "c:\Users\Alex\Competitions_TT_v1.2\main.py", line 678, in fast_change_comp
    button_comp_enabled()
    ~~~~~~~~~~~~~~~~~~~^^
  File "c:\Users\Alex\Competitions_TT_v1.2\main.py", line 1784, in button_comp_enabled
    tab_etap()
    ~~~~~~~~^^
  File "c:\Users\Alex\Competitions_TT_v1.2\main.py", line 3651, in tab_etap
    fill_table(player_list)
    ~~~~~~~~~~^^^^^^^^^^^^^
  File "c:\Users\Alex\Competitions_TT_v1.2\main.py", line 2643, in fill_table
    my_win.tableView.clear()
    ^^^^^^^^^^^^^^^^^^^^^^
AttributeError: 'QTableView' object has no attribute 'clear'
